<?xml version="1.0" encoding="UTF-8"?>
<!-- Generated by org.testng.reporters.JUnitReportReporter -->
<testsuite hostname="RavinPC" failures="0" tests="6" name="api.tests.DataDrivenUserTest" time="10.234" errors="0" timestamp="2025-07-23T09:20:24 IST" skipped="0">
  <testcase classname="api.tests.DataDrivenUserTest" name="testPostUser" time="1.316"/>
  <testcase classname="api.tests.DataDrivenUserTest" name="testPostUser" time="3.718"/>
  <testcase classname="api.tests.DataDrivenUserTest" name="testPostUser" time="1.315"/>
  <testcase classname="api.tests.DataDrivenUserTest" name="testDeleteUser" time="1.288"/>
  <testcase classname="api.tests.DataDrivenUserTest" name="testDeleteUser" time="1.433"/>
  <testcase classname="api.tests.DataDrivenUserTest" name="testDeleteUser" time="1.164"/>
</testsuite> <!-- api.tests.DataDrivenUserTest -->
