<?xml version="1.0" encoding="UTF-8"?>
<!-- Generated by org.testng.reporters.JUnitReportReporter -->
<testsuite hostname="RavinPC" failures="0" tests="4" name="api.tests.UserTest" time="6.899" errors="0" timestamp="2025-07-24T09:53:31 IST" skipped="0">
  <testcase classname="api.tests.UserTest" name="testPostUserByName" time="1.470"/>
  <testcase classname="api.tests.UserTest" name="getUser" time="1.445"/>
  <testcase classname="api.tests.UserTest" name="updateUserByName" time="2.675"/>
  <testcase classname="api.tests.UserTest" name="deleteUserByName" time="1.309"/>
</testsuite> <!-- api.tests.UserTest -->
