<?xml version="1.0" encoding="UTF-8"?>
<!-- Generated by org.testng.reporters.JUnitReportReporter -->
<testsuite hostname="RavinPC" failures="0" tests="6" name="api.tests.DataDrivenUserTest" time="9.965" errors="0" timestamp="2025-07-24T09:53:31 IST" skipped="0">
  <testcase classname="api.tests.DataDrivenUserTest" name="testPostUser" time="1.317"/>
  <testcase classname="api.tests.DataDrivenUserTest" name="testPostUser" time="3.329"/>
  <testcase classname="api.tests.DataDrivenUserTest" name="testPostUser" time="1.308"/>
  <testcase classname="api.tests.DataDrivenUserTest" name="testDeleteUser" time="1.389"/>
  <testcase classname="api.tests.DataDrivenUserTest" name="testDeleteUser" time="1.221"/>
  <testcase classname="api.tests.DataDrivenUserTest" name="testDeleteUser" time="1.401"/>
</testsuite> <!-- api.tests.DataDrivenUserTest -->
